Python requirements are satisfied.
Constraint file: C:\Espressif\espidf.constraints.v5.3.txt
Requirement files:
 - C:\Espressif\frameworks\esp-idf-v5.3.2\tools\requirements\requirements.core.txt
Python being checked: C:\Espressif\python_env\idf5.3_py3.11_env\Scripts\python.exe
Project build complete. To flash, run:
Executing action: monitor
Running idf_monitor in directory C:\Users\D\davey_jones
Executing "C:\Espressif\python_env\idf5.3_py3.11_env\Scripts\python.exe C:\Espressif\frameworks\esp-idf-v5.3.2\tools/idf_monitor.py -p COM15 -b 115200 --toolchain-prefix riscv32-esp-elf- --target esp32c6 --revision 0 --decode-panic backtrace C:\Users\D\davey_jones\build\davey_jones.elf --force-color -m 'C:\Espressif\python_env\idf5.3_py3.11_env\Scripts\python.exe' 'C:\Espressif\frameworks\esp-idf-v5.3.2\tools\idf.py' '-p' 'COM15'"...
ESP-ROM:esp32c6-20220919
Build:Sep 19 2022
rst:0x15 (USB_UART_HPSYS),boot:0xc (SPI_FAST_FLASH_BOOT)
Saved PC:0x40807a84
SPIWP:0xee
mode:DIO, clock div:2
load:0x40875720,len:0x1a5c
load:0x4086c110,len:0xf58
load:0x4086e610,len:0x30f0
entry 0x4086c11a
I (259) coexist: coex firmware version: cbb41d7
I (259) coexist: coexist rom version 5b8dcfa
I (259) main_task: Started on CPU0
I (259) main_task: Calling app_main()
I (259) davey: === DAVEY JONES booting ===
I (259) gpio: GPIO[10]| InputEn: 1| OutputEn: 1| OpenDrain: 1| Pullup: 1| Pulldown: 0| Intr:0 
I (260) gpio: GPIO[8]| InputEn: 1| OutputEn: 1| OpenDrain: 1| Pullup: 1| Pulldown: 0| Intr:0 
I (261) nesso_bsp: expanders alive: E0 reset_flag=0, E1 reset_flag=0
I (267) nesso_bsp: board ready
I (267) davey: bsp            ok
I (268) nesso_spi: shared bus up on SPI1 (MOSI=21 SCK=20 MISO=22)
I (268) davey: spi            ok
I (268) gpio: GPIO[16]| InputEn: 0| OutputEn: 1| OpenDrain: 0| Pullup: 0| Pulldown: 0| Intr:0 
I (499) nesso_lcd: ST7789 up: 135x240, offset (52,40)
I (499) davey: lcd            ok
I (499) nesso_btn: polling task up (poll=50ms, long-press=600ms)
I (500) davey: buttons        ok
I (500) LVGL: Starting LVGL task
I (526) nesso_ui: UI up (dashboard)
I (526) davey: ui             ok
I (1013) pp: pp rom version: 5b8dcfa
I (1014) net80211: net80211 rom version: 5b8dcfa
I (1015) wifi:wifi driver task: 4084a0b4, prio:23, stack:6656, core=0
I (1017) wifi:wifi firmware version: b0fd6006b
I (1017) wifi:wifi certification version: v7.0
I (1018) wifi:config NVS flash: enabled
I (1018) wifi:config nano formating: disabled
I (1018) wifi:mac_version:HAL_MAC_ESP32AX_761,ut_version:N, band:0x1
I (1018) wifi:Init data frame dynamic rx buffer num: 32
I (1019) wifi:Init static rx mgmt buffer num: 5
I (1019) wifi:Init management short buffer num: 32
I (1019) wifi:Init dynamic tx buffer num: 32
I (1019) wifi:Init static tx FG buffer num: 2
I (1019) wifi:Init static rx buffer size: 1700 (rxctrl:92, csi:512)
I (1020) wifi:Init static rx buffer num: 10
I (1020) wifi:Init dynamic rx buffer num: 32
I (1021) wifi_init: rx ba win: 6
I (1021) wifi_init: accept mbox: 6
I (1021) wifi_init: tcpip mbox: 32
I (1021) wifi_init: udp mbox: 6
I (1021) wifi_init: tcp mbox: 6
I (1021) wifi_init: tcp tx win: 5760
I (1022) wifi_init: tcp rx win: 5760
I (1022) wifi_init: tcp mss: 1440
I (1022) wifi_init: WiFi IRAM OP enabled
I (1022) wifi_init: WiFi RX IRAM OP enabled
I (1022) wifi_init: WiFi SLP IRAM OP enabled
I (1022) wifi:set country: cc=01
 schan=1 nchan=13 policy=1
I (1023) phy_init: phy_version 320,348a293,Sep  3 2024,16:33:12
W (1098) wifi:ACK_TAB0   :0x   90a0b, QAM16:0x9 (24Mbps), QPSK:0xa (12Mbps), BPSK:0xb (6Mbps)
W (1098) wifi:CTS_TAB0   :0x   90a0b, QAM16:0x9 (24Mbps), QPSK:0xa (12Mbps), BPSK:0xb (6Mbps)
W (1098) wifi:(agc)0x600a7128:0xd21e49ee, min.avgNF:0xce->0xd2(dB), RCalCount:0x1e4, min.RRssi:0x9ee(-97.12)
W (1099) wifi:(TB)WDEV_PWR_TB_MCS0:19
W (1099) wifi:(TB)WDEV_PWR_TB_MCS1:19
W (1099) wifi:(TB)WDEV_PWR_TB_MCS2:19
W (1099) wifi:(TB)WDEV_PWR_TB_MCS3:19
W (1100) wifi:(TB)WDEV_PWR_TB_MCS4:19
W (1100) wifi:(TB)WDEV_PWR_TB_MCS5:19
W (1100) wifi:(TB)WDEV_PWR_TB_MCS6:18
W (1100) wifi:(TB)WDEV_PWR_TB_MCS7:18
W (1100) wifi:(TB)WDEV_PWR_TB_MCS8:17
W (1100) wifi:(TB)WDEV_PWR_TB_MCS9:15
W (1100) wifi:(TB)WDEV_PWR_TB_MCS10:15
W (1101) wifi:(TB)WDEV_PWR_TB_MCS11:15
I (1101) wifi:11ax coex: WDEVAX_PTI0(0x55777555), WDEVAX_PTI1(0x00003377).
W (1101) wifi:(he)attach, station, phymode:11ax
I (1102) wifi:mode : sta (48:f6:ee:c4:cd:a4)
I (1102) wifi:enable tsf
I (1105) wifi:Set ps type: 0, coexist: 0
I (1113) nesso_wifi: wifi up (STA mode, power-save off)
I (1114) davey: wifi           ok
I (1503) nesso_wdr: spiffs mounted: 0/11229 KB used
I (1504) wifi:ic_enable_sniffer
I (1504) nesso_wifi: promisc sub added slot=0 filter=0x00000000 (total=1)
I (1505) nesso_wdr: wardrive running: dwell=400ms cap=256 path=/storage/wardrive.csv
I (1507) davey: wardrive       ok
I (1508) nesso_wifi: promisc sub added slot=1 filter=0x00000000 (total=2)
I (1508) nesso_eapol: eapol capture running 
